xcode-select: error: tool 'xcodebuild' requires Xcode, but active developer directory '/Library/Developer/CommandLineTools' is a command line tools instance

xcode-select: error: tool 'xcodebuild' requires Xcode, but active developer directory '/Library/Developer/CommandLineTools' is a command line tools instance

In file included from ../src/bufferutil.cc:15:
../node_modules/nan/nan.h:120:25: error: redefinition of '_NanEnsureLocal'
NAN_INLINE v8::Local<T> _NanEnsureLocal(v8::Local<T> val) {
                        ^
../node_modules/nan/nan.h:115:25: note: previous definition is here
NAN_INLINE v8::Local<T> _NanEnsureLocal(v8::Handle<T> val) {
                        ^
../node_modules/nan/nan.h:207:68: error: too many arguments to function call, expected at most 2, have 4
    return v8::Signature::New(v8::Isolate::GetCurrent(), receiver, argc, argv);
           ~~~~~~~~~~~~~~~~~~                                      ^~~~~~~~~~
/Users/chris/.node-gyp/8.11.2/include/node/v8.h:5921:3: note: 'New' declared here
  static Local<Signature> New(
  ^
In file included from ../src/bufferutil.cc:15:
../node_modules/nan/nan.h:262:32: warning: 'CompileUnbound' is deprecated [-Wdeprecated-declarations]
    return v8::ScriptCompiler::CompileUnbound(
                               ^
/Users/chris/.node-gyp/8.11.2/include/node/v8.h:1404:10: note: 'CompileUnbound' has been explicitly marked deprecated here
  static V8_DEPRECATED("Use maybe version",
         ^
/Users/chris/.node-gyp/8.11.2/include/node/v8config.h:321:29: note: expanded from macro 'V8_DEPRECATED'
  declarator __attribute__((deprecated))
                            ^
In file included from ../src/bufferutil.cc:15:
../node_modules/nan/nan.h:271:32: warning: 'CompileUnbound' is deprecated [-Wdeprecated-declarations]
    return v8::ScriptCompiler::CompileUnbound(
                               ^
/Users/chris/.node-gyp/8.11.2/include/node/v8.h:1404:10: note: 'CompileUnbound' has been explicitly marked deprecated here
  static V8_DEPRECATED("Use maybe version",
         ^
/Users/chris/.node-gyp/8.11.2/include/node/v8config.h:321:29: note: expanded from macro 'V8_DEPRECATED'
  declarator __attribute__((deprecated))
                            ^
In file included from ../src/bufferutil.cc:15:
../node_modules/nan/nan.h:277:31: warning: 'New' is deprecated [-Wdeprecated-declarations]
    return v8::BooleanObject::New(value).As<v8::BooleanObject>();
                              ^
/Users/chris/.node-gyp/8.11.2/include/node/v8.h:4845:3: note: 'New' has been explicitly marked deprecated here
  V8_DEPRECATED("Pass an isolate", static Local<Value> New(bool value));
  ^
/Users/chris/.node-gyp/8.11.2/include/node/v8config.h:321:29: note: expanded from macro 'V8_DEPRECATED'
  declarator __attribute__((deprecated))
                            ^
In file included from ../src/bufferutil.cc:15:
../node_modules/nan/nan.h:289:3: error: redefinition of 'NanNew'
  NanNew<v8::StringObject, v8::Handle<v8::String> >(
  ^
../node_modules/nan/nan.h:282:3: note: previous definition is here
  NanNew<v8::StringObject, v8::Local<v8::String> >(
  ^
../node_modules/nan/nan.h:307:36: error: redefinition of 'NanNew'
  NAN_INLINE v8::Local<v8::RegExp> NanNew(
                                   ^
../node_modules/nan/nan.h:301:36: note: previous definition is here
  NAN_INLINE v8::Local<v8::RegExp> NanNew(
                                   ^
../node_modules/nan/nan.h:319:36: error: redefinition of 'NanNew'
  NAN_INLINE v8::Local<v8::RegExp> NanNew(
                                   ^
../node_modules/nan/nan.h:313:36: note: previous definition is here
  NAN_INLINE v8::Local<v8::RegExp> NanNew(
                                   ^
../node_modules/nan/nan.h:327:42: warning: 'ToUint32' is deprecated [-Wdeprecated-declarations]
        v8::Isolate::GetCurrent(), val)->ToUint32();
                                         ^
/Users/chris/.node-gyp/8.11.2/include/node/v8.h:2340:10: note: 'ToUint32' has been explicitly marked deprecated here
  inline V8_DEPRECATED("Use maybe version", Local<Uint32> ToUint32() const);
         ^
/Users/chris/.node-gyp/8.11.2/include/node/v8config.h:321:29: note: expanded from macro 'V8_DEPRECATED'
  declarator __attribute__((deprecated))
                            ^
In file included from ../src/bufferutil.cc:15:
../node_modules/nan/nan.h:333:42: warning: 'ToUint32' is deprecated [-Wdeprecated-declarations]
        v8::Isolate::GetCurrent(), val)->ToUint32();
                                         ^
/Users/chris/.node-gyp/8.11.2/include/node/v8.h:2340:10: note: 'ToUint32' has been explicitly marked deprecated here
  inline V8_DEPRECATED("Use maybe version", Local<Uint32> ToUint32() const);
         ^
/Users/chris/.node-gyp/8.11.2/include/node/v8config.h:321:29: note: expanded from macro 'V8_DEPRECATED'
  declarator __attribute__((deprecated))
                            ^
In file included from ../src/bufferutil.cc:15:
../node_modules/nan/nan.h:338:60: warning: 'ToInt32' is deprecated [-Wdeprecated-declarations]
    return v8::Int32::New(v8::Isolate::GetCurrent(), val)->ToInt32();
                                                           ^
/Users/chris/.node-gyp/8.11.2/include/node/v8.h:2341:10: note: 'ToInt32' has been explicitly marked deprecated here
  inline V8_DEPRECATED("Use maybe version", Local<Int32> ToInt32() const);
         ^
/Users/chris/.node-gyp/8.11.2/include/node/v8config.h:321:29: note: expanded from macro 'V8_DEPRECATED'
  declarator __attribute__((deprecated))
                            ^
In file included from ../src/bufferutil.cc:15:
../node_modules/nan/nan.h:343:60: warning: 'ToInt32' is deprecated [-Wdeprecated-declarations]
    return v8::Int32::New(v8::Isolate::GetCurrent(), val)->ToInt32();
                                                           ^
/Users/chris/.node-gyp/8.11.2/include/node/v8.h:2341:10: note: 'ToInt32' has been explicitly marked deprecated here
  inline V8_DEPRECATED("Use maybe version", Local<Int32> ToInt32() const);
         ^
/Users/chris/.node-gyp/8.11.2/include/node/v8config.h:321:29: note: expanded from macro 'V8_DEPRECATED'
  declarator __attribute__((deprecated))
                            ^
In file included from ../src/bufferutil.cc:15:
../node_modules/nan/nan.h:388:24: warning: 'NewFromOneByte' is deprecated [-Wdeprecated-declarations]
    return v8::String::NewFromOneByte(
                       ^
/Users/chris/.node-gyp/8.11.2/include/node/v8.h:2679:10: note: 'NewFromOneByte' has been explicitly marked deprecated here
  static V8_DEPRECATED(
         ^
/Users/chris/.node-gyp/8.11.2/include/node/v8config.h:321:29: note: expanded from macro 'V8_DEPRECATED'
  declarator __attribute__((deprecated))
                            ^
In file included from ../src/bufferutil.cc:15:
../node_modules/nan/nan.h:399:24: warning: 'NewFromOneByte' is deprecated [-Wdeprecated-declarations]
    return v8::String::NewFromOneByte(
                       ^
/Users/chris/.node-gyp/8.11.2/include/node/v8.h:2679:10: note: 'NewFromOneByte' has been explicitly marked deprecated here
  static V8_DEPRECATED(
         ^
/Users/chris/.node-gyp/8.11.2/include/node/v8config.h:321:29: note: expanded from macro 'V8_DEPRECATED'
  declarator __attribute__((deprecated))
                            ^
In file included from ../src/bufferutil.cc:15:
../node_modules/nan/nan.h:408:24: warning: 'NewFromOneByte' is deprecated [-Wdeprecated-declarations]
    return v8::String::NewFromOneByte(v8::Isolate::GetCurrent(), arg);
                       ^
/Users/chris/.node-gyp/8.11.2/include/node/v8.h:2679:10: note: 'NewFromOneByte' has been explicitly marked deprecated here
  static V8_DEPRECATED(
         ^
/Users/chris/.node-gyp/8.11.2/include/node/v8config.h:321:29: note: expanded from macro 'V8_DEPRECATED'
  declarator __attribute__((deprecated))
                            ^
In file included from ../src/bufferutil.cc:15:
../node_modules/nan/nan.h:414:24: warning: 'NewFromOneByte' is deprecated [-Wdeprecated-declarations]
    return v8::String::NewFromOneByte(v8::Isolate::GetCurrent(), arg);
                       ^
/Users/chris/.node-gyp/8.11.2/include/node/v8.h:2679:10: note: 'NewFromOneByte' has been explicitly marked deprecated here
  static V8_DEPRECATED(
         ^
/Users/chris/.node-gyp/8.11.2/include/node/v8config.h:321:29: note: expanded from macro 'V8_DEPRECATED'
  declarator __attribute__((deprecated))
                            ^
In file included from ../src/bufferutil.cc:15:
../node_modules/nan/nan.h:500:24: warning: 'NewExternal' is deprecated [-Wdeprecated-declarations]
    return v8::String::NewExternal(v8::Isolate::GetCurrent(), resource);
                       ^
/Users/chris/.node-gyp/8.11.2/include/node/v8.h:2718:10: note: 'NewExternal' has been explicitly marked deprecated here
  static V8_DEPRECATED("Use maybe version",
         ^
/Users/chris/.node-gyp/8.11.2/include/node/v8config.h:321:29: note: expanded from macro 'V8_DEPRECATED'
  declarator __attribute__((deprecated))
                            ^
In file included from ../src/bufferutil.cc:15:
../node_modules/nan/nan.h:531:12: error: no matching function for call to '_NanEnsureLocal'
    return NanEscapeScope(NanNew(v8::Undefined(v8::Isolate::GetCurrent())));
           ^~~~~~~~~~~~~~~~~~~~~~~~~~~~~~~~~~~~~~~~~~~~~~~~~~~~~~~~~~~~~~~~
../node_modules/nan/nan.h:517:43: note: expanded from macro 'NanEscapeScope'
# define NanEscapeScope(val) scope.Escape(_NanEnsureLocal(val))
                                          ^~~~~~~~~~~~~~~
../node_modules/nan/nan.h:120:25: note: candidate template ignored: substitution failure [with T = v8::Primitive]
NAN_INLINE v8::Local<T> _NanEnsureLocal(v8::Local<T> val) {
                        ^
../node_modules/nan/nan.h:536:12: error: no matching function for call to '_NanEnsureLocal'
    return NanEscapeScope(NanNew(v8::Null(v8::Isolate::GetCurrent())));
           ^~~~~~~~~~~~~~~~~~~~~~~~~~~~~~~~~~~~~~~~~~~~~~~~~~~~~~~~~~~
../node_modules/nan/nan.h:517:43: note: expanded from macro 'NanEscapeScope'
# define NanEscapeScope(val) scope.Escape(_NanEnsureLocal(val))
                                          ^~~~~~~~~~~~~~~
../node_modules/nan/nan.h:120:25: note: candidate template ignored: substitution failure [with T = v8::Primitive]
NAN_INLINE v8::Local<T> _NanEnsureLocal(v8::Local<T> val) {
                        ^
../node_modules/nan/nan.h:541:12: error: no matching function for call to '_NanEnsureLocal'
    return NanEscapeScope(NanNew(v8::True(v8::Isolate::GetCurrent())));
           ^~~~~~~~~~~~~~~~~~~~~~~~~~~~~~~~~~~~~~~~~~~~~~~~~~~~~~~~~~~
../node_modules/nan/nan.h:517:43: note: expanded from macro 'NanEscapeScope'
# define NanEscapeScope(val) scope.Escape(_NanEnsureLocal(val))
                                          ^~~~~~~~~~~~~~~
../node_modules/nan/nan.h:120:25: note: candidate template ignored: substitution failure [with T = v8::Boolean]
NAN_INLINE v8::Local<T> _NanEnsureLocal(v8::Local<T> val) {
                        ^
../node_modules/nan/nan.h:546:12: error: no matching function for call to '_NanEnsureLocal'
    return NanEscapeScope(NanNew(v8::False(v8::Isolate::GetCurrent())));
           ^~~~~~~~~~~~~~~~~~~~~~~~~~~~~~~~~~~~~~~~~~~~~~~~~~~~~~~~~~~~
../node_modules/nan/nan.h:517:43: note: expanded from macro 'NanEscapeScope'
# define NanEscapeScope(val) scope.Escape(_NanEnsureLocal(val))
                                          ^~~~~~~~~~~~~~~
../node_modules/nan/nan.h:120:25: note: candidate template ignored: substitution failure [with T = v8::Boolean]
NAN_INLINE v8::Local<T> _NanEnsureLocal(v8::Local<T> val) {
                        ^
../node_modules/nan/nan.h:590:20: error: no type named 'GCEpilogueCallback' in 'v8::Isolate'
      v8::Isolate::GCEpilogueCallback callback
      ~~~~~~~~~~~~~^
../node_modules/nan/nan.h:596:20: error: no type named 'GCEpilogueCallback' in 'v8::Isolate'
      v8::Isolate::GCEpilogueCallback callback) {
      ~~~~~~~~~~~~~^
../node_modules/nan/nan.h:601:20: error: no type named 'GCPrologueCallback' in 'v8::Isolate'
      v8::Isolate::GCPrologueCallback callback
      ~~~~~~~~~~~~~^
../node_modules/nan/nan.h:607:20: error: no type named 'GCPrologueCallback' in 'v8::Isolate'
      v8::Isolate::GCPrologueCallback callback) {
      ~~~~~~~~~~~~~^
../node_modules/nan/nan.h:686:15: error: no template named 'WeakCallbackData' in namespace 'v8'
    const v8::WeakCallbackData<T, _NanWeakCallbackInfo<T, P> > &data) {
          ~~~~^
../node_modules/nan/nan.h:778:13: error: no member named 'smalloc' in namespace 'node'
    , node::smalloc::FreeCallback callback
      ~~~~~~^
../node_modules/nan/nan.h:789:12: error: no matching function for call to 'New'
    return node::Buffer::New(v8::Isolate::GetCurrent(), data, size);
           ^~~~~~~~~~~~~~~~~
/Users/chris/.node-gyp/8.11.2/include/node/node_buffer.h:67:40: note: candidate function not viable: 2nd argument ('const char *') would lose const qualifier
NODE_EXTERN v8::MaybeLocal<v8::Object> New(v8::Isolate* isolate,
                                       ^
/Users/chris/.node-gyp/8.11.2/include/node/node_buffer.h:55:40: note: candidate function not viable: no known conversion from 'const char *' to 'v8::Local<v8::String>' for 2nd argument
NODE_EXTERN v8::MaybeLocal<v8::Object> New(v8::Isolate* isolate,
                                       ^
/Users/chris/.node-gyp/8.11.2/include/node/node_buffer.h:52:40: note: candidate function not viable: requires 2 arguments, but 3 were provided
NODE_EXTERN v8::MaybeLocal<v8::Object> New(v8::Isolate* isolate, size_t length);
                                       ^
/Users/chris/.node-gyp/8.11.2/include/node/node_buffer.h:60:40: note: candidate function not viable: requires 5 arguments, but 3 were provided
NODE_EXTERN v8::MaybeLocal<v8::Object> New(v8::Isolate* isolate,
                                       ^
In file included from ../src/bufferutil.cc:15:
../node_modules/nan/nan.h:793:12: error: no viable conversion from returned value of type 'v8::MaybeLocal<v8::Object>' to function return type 'v8::Local<v8::Object>'
    return node::Buffer::New(v8::Isolate::GetCurrent(), size);
           ^~~~~~~~~~~~~~~~~~~~~~~~~~~~~~~~~~~~~~~~~~~~~~~~~~
/Users/chris/.node-gyp/8.11.2/include/node/v8.h:197:7: note: candidate constructor (the implicit copy constructor) not viable: no known conversion from 'v8::MaybeLocal<v8::Object>' to 'const v8::Local<v8::Object> &' for 1st argument
class Local {
      ^
/Users/chris/.node-gyp/8.11.2/include/node/v8.h:197:7: note: candidate constructor (the implicit move constructor) not viable: no known conversion from 'v8::MaybeLocal<v8::Object>' to 'v8::Local<v8::Object> &&' for 1st argument
/Users/chris/.node-gyp/8.11.2/include/node/v8.h:201:13: note: candidate template ignored: could not match 'Local' against 'MaybeLocal'
  V8_INLINE Local(Local<S> that)
            ^
In file included from ../src/bufferutil.cc:15:
../node_modules/nan/nan.h:800:26: error: no member named 'Use' in namespace 'node::Buffer'
    return node::Buffer::Use(v8::Isolate::GetCurrent(), data, size);
           ~~~~~~~~~~~~~~^
../node_modules/nan/nan.h:827:32: warning: 'Compile' is deprecated [-Wdeprecated-declarations]
    return v8::ScriptCompiler::Compile(v8::Isolate::GetCurrent(), &source);
                               ^
/Users/chris/.node-gyp/8.11.2/include/node/v8.h:1423:10: note: 'Compile' has been explicitly marked deprecated here
  static V8_DEPRECATED(
         ^
/Users/chris/.node-gyp/8.11.2/include/node/v8config.h:321:29: note: expanded from macro 'V8_DEPRECATED'
  declarator __attribute__((deprecated))
                            ^
In file included from ../src/bufferutil.cc:15:
../node_modules/nan/nan.h:834:32: warning: 'Compile' is deprecated [-Wdeprecated-declarations]
    return v8::ScriptCompiler::Compile(v8::Isolate::GetCurrent(), &source);
                               ^
/Users/chris/.node-gyp/8.11.2/include/node/v8.h:1423:10: note: 'Compile' has been explicitly marked deprecated here
  static V8_DEPRECATED(
         ^
/Users/chris/.node-gyp/8.11.2/include/node/v8config.h:321:29: note: expanded from macro 'V8_DEPRECATED'
  declarator __attribute__((deprecated))
                            ^
In file included from ../src/bufferutil.cc:15:
../node_modules/nan/nan.h:1897:12: error: no matching function for call to '_NanEnsureLocal'
    return NanEscapeScope(NanNew(handle)->Get(kCallbackIndex)
           ^~~~~~~~~~~~~~~~~~~~~~~~~~~~~~~~~~~~~~~~~~~~~~~~~~
../node_modules/nan/nan.h:517:43: note: expanded from macro 'NanEscapeScope'
# define NanEscapeScope(val) scope.Escape(_NanEnsureLocal(val))
                                          ^~~~~~~~~~~~~~~
../node_modules/nan/nan.h:120:25: note: candidate template ignored: substitution failure [with T = v8::Function]
NAN_INLINE v8::Local<T> _NanEnsureLocal(v8::Local<T> val) {
                        ^
fatal error: too many errors emitted, stopping now [-ferror-limit=]
14 warnings and 20 errors generated.
make: *** [Release/obj.target/bufferutil/src/bufferutil.o] Error 1
gyp ERR! build error 
gyp ERR! stack Error: `make` failed with exit code: 2
gyp ERR! stack     at ChildProcess.onExit (/usr/local/lib/node_modules/npm/node_modules/node-gyp/lib/build.js:258:23)
gyp ERR! stack     at emitTwo (events.js:126:13)
gyp ERR! stack     at ChildProcess.emit (events.js:214:7)
gyp ERR! stack     at Process.ChildProcess._handle.onexit (internal/child_process.js:198:12)
gyp ERR! System Darwin 17.5.0
gyp ERR! command "/usr/local/bin/node" "/usr/local/lib/node_modules/npm/node_modules/node-gyp/bin/node-gyp.js" "rebuild"
gyp ERR! cwd /Users/chris/Development/Crypto-Touchbar-App/node_modules/ws
gyp ERR! node -v v8.11.2
gyp ERR! node-gyp -v v3.6.2
gyp ERR! not ok 
